<?xml version="1.0" encoding="UTF-8"?>
<testng-results skipped="0" failed="0" total="1" passed="1">
  <reporter-output>
  </reporter-output>
  <suite name="Default suite" duration-ms="42149" started-at="2019-04-06T05:11:33Z" finished-at="2019-04-06T05:12:15Z">
    <groups>
    </groups>
    <test name="Default test" duration-ms="42149" started-at="2019-04-06T05:11:33Z" finished-at="2019-04-06T05:12:15Z">
      <class name="Test.TextVerificationTest">
        <test-method status="PASS" signature="setup()[pri:0, instance:Test.TextVerificationTest@59fa1d9b]" name="setup" is-config="true" duration-ms="34074" started-at="2019-04-06T01:11:33Z" finished-at="2019-04-06T01:12:07Z">
          <reporter-output>
          </reporter-output>
        </test-method> <!-- setup -->
        <test-method status="PASS" signature="TextVerification()[pri:0, instance:Test.TextVerificationTest@59fa1d9b]" name="TextVerification" duration-ms="6112" started-at="2019-04-06T01:12:07Z" finished-at="2019-04-06T01:12:13Z">
          <reporter-output>
          </reporter-output>
        </test-method> <!-- TextVerification -->
        <test-method status="PASS" signature="teardown()[pri:0, instance:Test.TextVerificationTest@59fa1d9b]" name="teardown" is-config="true" duration-ms="1917" started-at="2019-04-06T01:12:13Z" finished-at="2019-04-06T01:12:15Z">
          <reporter-output>
          </reporter-output>
        </test-method> <!-- teardown -->
      </class> <!-- Test.TextVerificationTest -->
    </test> <!-- Default test -->
  </suite> <!-- Default suite -->
</testng-results>
