<?xml version="1.0" encoding="UTF-8"?>
<testng-results skipped="0" failed="0" total="1" passed="1">
  <reporter-output>
  </reporter-output>
  <suite name="Default suite" duration-ms="17527" started-at="2019-04-07T01:05:57Z" finished-at="2019-04-07T01:06:15Z">
    <groups>
    </groups>
    <test name="Default test" duration-ms="17527" started-at="2019-04-07T01:05:57Z" finished-at="2019-04-07T01:06:15Z">
      <class name="Test.PageURL">
        <test-method status="PASS" signature="VerifypageURL()[pri:0, instance:Test.PageURL@c038203]" name="VerifypageURL" duration-ms="17487" started-at="2019-04-06T21:05:57Z" finished-at="2019-04-06T21:06:15Z">
          <reporter-output>
          </reporter-output>
        </test-method> <!-- VerifypageURL -->
      </class> <!-- Test.PageURL -->
    </test> <!-- Default test -->
  </suite> <!-- Default suite -->
</testng-results>
